<?xml version="1.0" encoding="UTF-8"?>
<!-- Generated by org.testng.reporters.JUnitReportReporter -->
<testsuite skipped="0" hostname="win" name="com.automation.testrunner.Runner" tests="1" failures="0" timestamp="2020-04-03T15:14:23 IST" time="36.872" errors="0">
  <testcase name="runScenario" time="36.872" classname="com.automation.testrunner.Runner"/>
  <system-out/>
</testsuite> <!-- com.automation.testrunner.Runner -->
